[21:38:42]  ERRO  ALERTA DE SISTEMA - Ocorreu uma exce誽o em /demo/mapa: render_mapa() missing 1 required positional argument: 'data_url'
ERROR:    Exception in ASGI application
  + Exception Group Traceback (most recent call last):
  |   File "C:\radar-solar-copia\radar-solar-dev\.venv\Lib\site-packages\starlette\_utils.py", line 85, in create_collapsing_task_group
  |     async with anyio.create_task_group() as tg:
  |                ~~~~~~~~~~~~~~~~~~~~~~~^^
  |   File "C:\radar-solar-copia\radar-solar-dev\.venv\Lib\site-packages\anyio\_backends\_asyncio.py", line 811, in __aexit__
  |     raise BaseExceptionGroup(
  |         "unhandled errors in a TaskGroup", self._exceptions
  |     ) from None
  | ExceptionGroup: unhandled errors in a TaskGroup (1 sub-exception)
  +-+---------------- 1 ----------------
    | Traceback (most recent call last):
    |   File "C:\radar-solar-copia\radar-solar-dev\.venv\Lib\site-packages\uvicorn\protocols\http\httptools_impl.py", line 421, in run_asgi
    |     result = await app(  # type: ignore[func-returns-value]
    |              ^^^^^^^^^^^^^^^^^^^^^^^^^^^^^^^^^^^^^^^^^^^^^^
    |         self.scope, self.receive, self.send
    |         ^^^^^^^^^^^^^^^^^^^^^^^^^^^^^^^^^^^
    |     )
    |     ^
    |   File "C:\radar-solar-copia\radar-solar-dev\.venv\Lib\site-packages\uvicorn\middleware\proxy_headers.py", line 62, in __call__
    |     return await self.app(scope, receive, send)
    |            ^^^^^^^^^^^^^^^^^^^^^^^^^^^^^^^^^^^^
    |   File "C:\radar-solar-copia\radar-solar-dev\.venv\Lib\site-packages\fastapi\applications.py", line 1163, in __call__
    |     await super().__call__(scope, receive, send)
    |   File "C:\radar-solar-copia\radar-solar-dev\.venv\Lib\site-packages\starlette\applications.py", line 90, in __call__
    |     await self.middleware_stack(scope, receive, send)
    |   File "C:\radar-solar-copia\radar-solar-dev\.venv\Lib\site-packages\starlette\middleware\errors.py", line 176, in __call__
    |     response = await self.handler(request, exc)  # type: ignore[assignment, arg-type]
    |                ^^^^^^^^^^^^^^^^^^^^^^^^^^^^^^^^
    |   File "C:\radar-solar-copia\radar-solar-dev\src\main.py", line 86, in escudo_global_de_erros
    |     raise exc
    |   File "C:\radar-solar-copia\radar-solar-dev\.venv\Lib\site-packages\starlette\middleware\errors.py", line 164, in __call__
    |     await self.app(scope, receive, _send)
    |   File "C:\radar-solar-copia\radar-solar-dev\.venv\Lib\site-packages\starlette\middleware\sessions.py", line 88, in __call__
    |     await self.app(scope, receive, send_wrapper)
    |   File "C:\radar-solar-copia\radar-solar-dev\.venv\Lib\site-packages\starlette\middleware\base.py", line 193, in __call__
    |     response = await self.dispatch_func(request, call_next)
    |                ^^^^^^^^^^^^^^^^^^^^^^^^^^^^^^^^^^^^^^^^^^^^
    |   File "C:\radar-solar-copia\radar-solar-dev\.venv\Lib\site-packages\nicegui\storage.py", line 39, in dispatch
    |     response = await call_next(request)
    |                ^^^^^^^^^^^^^^^^^^^^^^^^
    |   File "C:\radar-solar-copia\radar-solar-dev\.venv\Lib\site-packages\starlette\middleware\base.py", line 168, in call_next
    |     raise app_exc from app_exc.__cause__ or app_exc.__context__
    |   File "C:\radar-solar-copia\radar-solar-dev\.venv\Lib\site-packages\starlette\middleware\base.py", line 144, in coro
    |     await self.app(scope, receive_or_disconnect, send_no_error)
    |   File "C:\radar-solar-copia\radar-solar-dev\.venv\Lib\site-packages\starlette\middleware\base.py", line 193, in __call__
    |     response = await self.dispatch_func(request, call_next)
    |                ^^^^^^^^^^^^^^^^^^^^^^^^^^^^^^^^^^^^^^^^^^^^
    |   File "C:\radar-solar-copia\radar-solar-dev\.venv\Lib\site-packages\nicegui\middlewares.py", line 23, in dispatch
    |     response = await call_next(request)
    |                ^^^^^^^^^^^^^^^^^^^^^^^^
    |   File "C:\radar-solar-copia\radar-solar-dev\.venv\Lib\site-packages\starlette\middleware\base.py", line 168, in call_next
    |     raise app_exc from app_exc.__cause__ or app_exc.__context__
    |   File "C:\radar-solar-copia\radar-solar-dev\.venv\Lib\site-packages\starlette\middleware\base.py", line 144, in coro
    |     await self.app(scope, receive_or_disconnect, send_no_error)
    |   File "C:\radar-solar-copia\radar-solar-dev\.venv\Lib\site-packages\starlette\middleware\base.py", line 193, in __call__
    |     response = await self.dispatch_func(request, call_next)
    |                ^^^^^^^^^^^^^^^^^^^^^^^^^^^^^^^^^^^^^^^^^^^^
    |   File "C:\radar-solar-copia\radar-solar-dev\.venv\Lib\site-packages\nicegui\middlewares.py", line 13, in dispatch
    |     response = await call_next(request)
    |                ^^^^^^^^^^^^^^^^^^^^^^^^
    |   File "C:\radar-solar-copia\radar-solar-dev\.venv\Lib\site-packages\starlette\middleware\base.py", line 168, in call_next
    |     raise app_exc from app_exc.__cause__ or app_exc.__context__
    |   File "C:\radar-solar-copia\radar-solar-dev\.venv\Lib\site-packages\starlette\middleware\base.py", line 144, in coro
    |     await self.app(scope, receive_or_disconnect, send_no_error)
    |   File "C:\radar-solar-copia\radar-solar-dev\.venv\Lib\site-packages\starlette\middleware\gzip.py", line 29, in __call__
    |     await responder(scope, receive, send)
    |   File "C:\radar-solar-copia\radar-solar-dev\.venv\Lib\site-packages\starlette\middleware\gzip.py", line 46, in __call__
    |     await self.app(scope, receive, self.send_with_compression)
    |   File "C:\radar-solar-copia\radar-solar-dev\.venv\Lib\site-packages\starlette\middleware\exceptions.py", line 63, in __call__
    |     await wrap_app_handling_exceptions(self.app, conn)(scope, receive, send)
    |   File "C:\radar-solar-copia\radar-solar-dev\.venv\Lib\site-packages\starlette\_exception_handler.py", line 53, in wrapped_app
    |     raise exc
    |   File "C:\radar-solar-copia\radar-solar-dev\.venv\Lib\site-packages\starlette\_exception_handler.py", line 42, in wrapped_app
    |     await app(scope, receive, sender)
    |   File "C:\radar-solar-copia\radar-solar-dev\.venv\Lib\site-packages\fastapi\middleware\asyncexitstack.py", line 18, in __call__
    |     await self.app(scope, receive, send)
    |   File "C:\radar-solar-copia\radar-solar-dev\.venv\Lib\site-packages\starlette\routing.py", line 660, in __call__
    |     await self.middleware_stack(scope, receive, send)
    |   File "C:\radar-solar-copia\radar-solar-dev\.venv\Lib\site-packages\fastapi\routing.py", line 2531, in app
    |     await route.handle(scope, receive, send)
    |   File "C:\radar-solar-copia\radar-solar-dev\.venv\Lib\site-packages\fastapi\routing.py", line 1241, in handle
    |     await super().handle(scope, receive, send)
    |   File "C:\radar-solar-copia\radar-solar-dev\.venv\Lib\site-packages\starlette\routing.py", line 276, in handle
    |     await self.app(scope, receive, send)
    |   File "C:\radar-solar-copia\radar-solar-dev\.venv\Lib\site-packages\fastapi\routing.py", line 150, in app
    |     await wrap_app_handling_exceptions(app, request)(scope, receive, send)
    |   File "C:\radar-solar-copia\radar-solar-dev\.venv\Lib\site-packages\starlette\_exception_handler.py", line 53, in wrapped_app
    |     raise exc
    |   File "C:\radar-solar-copia\radar-solar-dev\.venv\Lib\site-packages\starlette\_exception_handler.py", line 42, in wrapped_app
    |     await app(scope, receive, sender)
    |   File "C:\radar-solar-copia\radar-solar-dev\.venv\Lib\site-packages\fastapi\routing.py", line 136, in app
    |     response = await f(request)
    |                ^^^^^^^^^^^^^^^^
    |   File "C:\radar-solar-copia\radar-solar-dev\.venv\Lib\site-packages\fastapi\routing.py", line 690, in app
    |     raw_response = await run_endpoint_function(
    |                    ^^^^^^^^^^^^^^^^^^^^^^^^^^^^
    |     ...<3 lines>...
    |     )
    |     ^
    |   File "C:\radar-solar-copia\radar-solar-dev\.venv\Lib\site-packages\fastapi\routing.py", line 344, in run_endpoint_function
    |     return await dependant.call(**values)
    |            ^^^^^^^^^^^^^^^^^^^^^^^^^^^^^^
    |   File "C:\radar-solar-copia\radar-solar-dev\.venv\Lib\site-packages\nicegui\page.py", line 171, in decorated
    |     return create_500_error_page(e, request)
    |   File "C:\radar-solar-copia\radar-solar-dev\.venv\Lib\site-packages\nicegui\page.py", line 140, in create_500_error_page
    |     raise e
    |   File "C:\radar-solar-copia\radar-solar-dev\.venv\Lib\site-packages\nicegui\page.py", line 169, in decorated
    |     result = func(*dec_args, **dec_kwargs)
    |   File "C:\radar-solar-copia\radar-solar-dev\src\main.py", line 99, in demo_mapa
    |     render_mapa(show_header=True, include_leads=False)
    |     ~~~~~~~~~~~^^^^^^^^^^^^^^^^^^^^^^^^^^^^^^^^^^^^^^^
    | TypeError: render_mapa() missing 1 required positional argument: 'data_url'
    +------------------------------------

The above exception was the direct cause of the following exception:

Traceback (most recent call last):
  File "C:\radar-solar-copia\radar-solar-dev\.venv\Lib\site-packages\uvicorn\protocols\http\httptools_impl.py", line 421, in run_asgi
    result = await app(  # type: ignore[func-returns-value]
             ^^^^^^^^^^^^^^^^^^^^^^^^^^^^^^^^^^^^^^^^^^^^^^
        self.scope, self.receive, self.send
        ^^^^^^^^^^^^^^^^^^^^^^^^^^^^^^^^^^^
    )
    ^
  File "C:\radar-solar-copia\radar-solar-dev\.venv\Lib\site-packages\uvicorn\middleware\proxy_headers.py", line 62, in __call__
    return await self.app(scope, receive, send)
           ^^^^^^^^^^^^^^^^^^^^^^^^^^^^^^^^^^^^
  File "C:\radar-solar-copia\radar-solar-dev\.venv\Lib\site-packages\fastapi\applications.py", line 1163, in __call__
    await super().__call__(scope, receive, send)
  File "C:\radar-solar-copia\radar-solar-dev\.venv\Lib\site-packages\starlette\applications.py", line 90, in __call__
    await self.middleware_stack(scope, receive, send)
  File "C:\radar-solar-copia\radar-solar-dev\.venv\Lib\site-packages\starlette\middleware\errors.py", line 176, in __call__
    response = await self.handler(request, exc)  # type: ignore[assignment, arg-type]
               ^^^^^^^^^^^^^^^^^^^^^^^^^^^^^^^^
  File "C:\radar-solar-copia\radar-solar-dev\src\main.py", line 86, in escudo_global_de_erros
    raise exc
  File "C:\radar-solar-copia\radar-solar-dev\.venv\Lib\site-packages\starlette\middleware\errors.py", line 164, in __call__
    await self.app(scope, receive, _send)
  File "C:\radar-solar-copia\radar-solar-dev\.venv\Lib\site-packages\starlette\middleware\sessions.py", line 88, in __call__
    await self.app(scope, receive, send_wrapper)
  File "C:\radar-solar-copia\radar-solar-dev\.venv\Lib\site-packages\starlette\middleware\base.py", line 193, in __call__
    response = await self.dispatch_func(request, call_next)
               ^^^^^^^^^^^^^^^^^^^^^^^^^^^^^^^^^^^^^^^^^^^^
  File "C:\radar-solar-copia\radar-solar-dev\.venv\Lib\site-packages\nicegui\storage.py", line 39, in dispatch
    response = await call_next(request)
               ^^^^^^^^^^^^^^^^^^^^^^^^
  File "C:\radar-solar-copia\radar-solar-dev\.venv\Lib\site-packages\starlette\middleware\base.py", line 168, in call_next
    raise app_exc from app_exc.__cause__ or app_exc.__context__
  File "C:\radar-solar-copia\radar-solar-dev\.venv\Lib\site-packages\starlette\middleware\base.py", line 144, in coro
    await self.app(scope, receive_or_disconnect, send_no_error)
  File "C:\radar-solar-copia\radar-solar-dev\.venv\Lib\site-packages\starlette\middleware\base.py", line 193, in __call__
    response = await self.dispatch_func(request, call_next)
               ^^^^^^^^^^^^^^^^^^^^^^^^^^^^^^^^^^^^^^^^^^^^
  File "C:\radar-solar-copia\radar-solar-dev\.venv\Lib\site-packages\nicegui\middlewares.py", line 23, in dispatch
    response = await call_next(request)
               ^^^^^^^^^^^^^^^^^^^^^^^^
  File "C:\radar-solar-copia\radar-solar-dev\.venv\Lib\site-packages\starlette\middleware\base.py", line 168, in call_next
    raise app_exc from app_exc.__cause__ or app_exc.__context__
  File "C:\radar-solar-copia\radar-solar-dev\.venv\Lib\site-packages\starlette\middleware\base.py", line 144, in coro
    await self.app(scope, receive_or_disconnect, send_no_error)
  File "C:\radar-solar-copia\radar-solar-dev\.venv\Lib\site-packages\starlette\middleware\base.py", line 193, in __call__
    response = await self.dispatch_func(request, call_next)
               ^^^^^^^^^^^^^^^^^^^^^^^^^^^^^^^^^^^^^^^^^^^^
  File "C:\radar-solar-copia\radar-solar-dev\.venv\Lib\site-packages\nicegui\middlewares.py", line 13, in dispatch
    response = await call_next(request)
               ^^^^^^^^^^^^^^^^^^^^^^^^
  File "C:\radar-solar-copia\radar-solar-dev\.venv\Lib\site-packages\starlette\middleware\base.py", line 168, in call_next
    raise app_exc from app_exc.__cause__ or app_exc.__context__
  File "C:\radar-solar-copia\radar-solar-dev\.venv\Lib\site-packages\starlette\middleware\base.py", line 144, in coro
    await self.app(scope, receive_or_disconnect, send_no_error)
  File "C:\radar-solar-copia\radar-solar-dev\.venv\Lib\site-packages\starlette\middleware\gzip.py", line 29, in __call__
    await responder(scope, receive, send)
  File "C:\radar-solar-copia\radar-solar-dev\.venv\Lib\site-packages\starlette\middleware\gzip.py", line 46, in __call__
    await self.app(scope, receive, self.send_with_compression)
  File "C:\radar-solar-copia\radar-solar-dev\.venv\Lib\site-packages\starlette\middleware\exceptions.py", line 63, in __call__
    await wrap_app_handling_exceptions(self.app, conn)(scope, receive, send)
  File "C:\radar-solar-copia\radar-solar-dev\.venv\Lib\site-packages\starlette\_exception_handler.py", line 53, in wrapped_app
    raise exc
  File "C:\radar-solar-copia\radar-solar-dev\.venv\Lib\site-packages\starlette\_exception_handler.py", line 42, in wrapped_app
    await app(scope, receive, sender)
  File "C:\radar-solar-copia\radar-solar-dev\.venv\Lib\site-packages\fastapi\middleware\asyncexitstack.py", line 18, in __call__
    await self.app(scope, receive, send)
  File "C:\radar-solar-copia\radar-solar-dev\.venv\Lib\site-packages\starlette\routing.py", line 660, in __call__
    await self.middleware_stack(scope, receive, send)
  File "C:\radar-solar-copia\radar-solar-dev\.venv\Lib\site-packages\fastapi\routing.py", line 2531, in app
    await route.handle(scope, receive, send)
  File "C:\radar-solar-copia\radar-solar-dev\.venv\Lib\site-packages\fastapi\routing.py", line 1241, in handle
    await super().handle(scope, receive, send)
  File "C:\radar-solar-copia\radar-solar-dev\.venv\Lib\site-packages\starlette\routing.py", line 276, in handle
    await self.app(scope, receive, send)
  File "C:\radar-solar-copia\radar-solar-dev\.venv\Lib\site-packages\fastapi\routing.py", line 150, in app
    await wrap_app_handling_exceptions(app, request)(scope, receive, send)
  File "C:\radar-solar-copia\radar-solar-dev\.venv\Lib\site-packages\starlette\_exception_handler.py", line 53, in wrapped_app
    raise exc
  File "C:\radar-solar-copia\radar-solar-dev\.venv\Lib\site-packages\starlette\_exception_handler.py", line 42, in wrapped_app
    await app(scope, receive, sender)
  File "C:\radar-solar-copia\radar-solar-dev\.venv\Lib\site-packages\fastapi\routing.py", line 136, in app
    response = await f(request)
               ^^^^^^^^^^^^^^^^
  File "C:\radar-solar-copia\radar-solar-dev\.venv\Lib\site-packages\fastapi\routing.py", line 690, in app
    raw_response = await run_endpoint_function(
                   ^^^^^^^^^^^^^^^^^^^^^^^^^^^^
    ...<3 lines>...
    )
    ^
  File "C:\radar-solar-copia\radar-solar-dev\.venv\Lib\site-packages\fastapi\routing.py", line 344, in run_endpoint_function
    return await dependant.call(**values)
           ^^^^^^^^^^^^^^^^^^^^^^^^^^^^^^
  File "C:\radar-solar-copia\radar-solar-dev\.venv\Lib\site-packages\nicegui\page.py", line 171, in decorated
    return create_500_error_page(e, request)
  File "C:\radar-solar-copia\radar-solar-dev\.venv\Lib\site-packages\nicegui\page.py", line 140, in create_500_error_page
    raise e
  File "C:\radar-solar-copia\radar-solar-dev\.venv\Lib\site-packages\nicegui\page.py", line 169, in decorated
    result = func(*dec_args, **dec_kwargs)
  File "C:\radar-solar-copia\radar-solar-dev\src\main.py", line 99, in demo_mapa
    render_mapa(show_header=True, include_leads=False)
    ~~~~~~~~~~~^^^^^^^^^^^^^^^^^^^^^^^^^^^^^^^^^^^^^^^
TypeError: render_mapa() missing 1 required positional argument: 'data_url'
